<?xml version="1.0" encoding="utf-8" standalone="no"?>
<!--This file represents the results of running a test suite-->
<test-results name="C:\Samples\ConsoleDTCC\Browser\bin\Debug\TestBrowser.dll" total="3" errors="0" failures="0" not-run="0" inconclusive="0" ignored="0" skipped="0" invalid="0" date="2016-03-13" time="22:44:14">
  <environment nunit-version="2.6.3.13283" clr-version="2.0.50727.5485" os-version="Microsoft Windows NT 6.1.7601 Service Pack 1" platform="Win32NT" cwd="C:\Program Files (x86)\NUnit 2.6.3\bin" machine-name="LPW7-CNU4349XZZ" user="ssettipalli" user-domain="CORP" />
  <culture-info current-culture="en-US" current-uiculture="en-US" />
  <test-suite type="Assembly" name="C:\Samples\ConsoleDTCC\Browser\bin\Debug\TestBrowser.dll" executed="True" result="Success" success="True" time="13.466" asserts="0">
    <results>
      <test-suite type="Namespace" name="TestBrowser" executed="True" result="Success" success="True" time="13.456" asserts="0">
        <results>
          <test-suite type="TestFixture" name="TestNunit" executed="True" result="Success" success="True" time="13.454" asserts="0">
            <results>
              <test-case name="TestBrowser.TestNunit.Testcase1" executed="True" result="Success" success="True" time="0.488" asserts="0" />
              <test-case name="TestBrowser.TestNunit.Testcase2" executed="True" result="Success" success="True" time="1.187" asserts="0" />
              <test-case name="TestBrowser.TestNunit.Testcase3" executed="True" result="Success" success="True" time="3.085" asserts="0" />
            </results>
          </test-suite>
        </results>
      </test-suite>
    </results>
  </test-suite>
</test-results>